{"name":"testWrapSoftAssertionError :: Browser Chrome_headless","status":"passed","stage":"finished","description":"","steps":[{"name":"$(\"open\") https://blog.xceptance.com/","status":"passed","stage":"finished","steps":[],"attachments":[],"parameters":[],"start":1635163221205,"stop":1635163223465},{"name":"$(\"Assertion error\") Title doesn't match. expected:<[MyPageTitle]> but was:<[Passionate Testing | Xceptance Blog]>","status":"failed","statusDetails":{"known":false,"muted":false,"flaky":false,"message":"Title doesn't match. expected:<[MyPageTitle]> but was:<[Passionate Testing | Xceptance Blog]>","trace":"org.junit.ComparisonFailure: Title doesn't match. expected:<[MyPageTitle]> but was:<[Passionate Testing | Xceptance Blog]>\n\tat org.junit.Assert.assertEquals(Assert.java:117)\n\tat com.xceptance.neodymium.util.SelenideAddonsTest.lambda$testWrapSoftAssertionError$6(SelenideAddonsTest.java:237)\n\tat com.xceptance.neodymium.util.SelenideAddons.wrapAssertionError(SelenideAddons.java:373)\n\tat com.xceptance.neodymium.util.SelenideAddonsTest.testWrapSoftAssertionError(SelenideAddonsTest.java:236)\n\tat java.base/jdk.internal.reflect.NativeMethodAccessorImpl.invoke0(Native Method)\n\tat java.base/jdk.internal.reflect.NativeMethodAccessorImpl.invoke(NativeMethodAccessorImpl.java:62)\n\tat java.base/jdk.internal.reflect.DelegatingMethodAccessorImpl.invoke(DelegatingMethodAccessorImpl.java:43)\n\tat java.base/java.lang.reflect.Method.invoke(Method.java:566)\n\tat org.junit.runners.model.FrameworkMethod$1.runReflectiveCall(FrameworkMethod.java:59)\n\tat org.junit.internal.runners.model.ReflectiveCallable.run(ReflectiveCallable.java:12)\n\tat org.junit.runners.model.FrameworkMethod.invokeExplosively(FrameworkMethod.java:56)\n\tat org.junit.internal.runners.statements.InvokeMethod.evaluate(InvokeMethod.java:17)\n\tat org.junit.runners.ParentRunner$3.evaluate(ParentRunner.java:306)\n\tat com.xceptance.neodymium.junit4.statement.browser.BrowserStatement.evaluate(BrowserStatement.java:111)\n\tat org.junit.runners.BlockJUnit4ClassRunner$1.evaluate(BlockJUnit4ClassRunner.java:100)\n\tat org.junit.runners.ParentRunner.runLeaf(ParentRunner.java:366)\n\tat org.junit.runners.BlockJUnit4ClassRunner.runChild(BlockJUnit4ClassRunner.java:103)\n\tat com.xceptance.neodymium.junit4.NeodymiumRunner.runChild(NeodymiumRunner.java:357)\n\tat com.xceptance.neodymium.junit4.NeodymiumRunner.runChild(NeodymiumRunner.java:76)\n\tat org.junit.runners.ParentRunner$4.run(ParentRunner.java:331)\n\tat org.junit.runners.ParentRunner$1.schedule(ParentRunner.java:79)\n\tat org.junit.runners.ParentRunner.runChildren(ParentRunner.java:329)\n\tat org.junit.runners.ParentRunner.access$100(ParentRunner.java:66)\n\tat org.junit.runners.ParentRunner$2.evaluate(ParentRunner.java:293)\n\tat org.junit.runners.ParentRunner$3.evaluate(ParentRunner.java:306)\n\tat org.junit.runners.ParentRunner.run(ParentRunner.java:413)\n\tat org.junit.runner.JUnitCore.run(JUnitCore.java:137)\n\tat org.junit.runner.JUnitCore.run(JUnitCore.java:115)\n\tat org.junit.vintage.engine.execution.RunnerExecutor.execute(RunnerExecutor.java:42)\n\tat org.junit.vintage.engine.VintageTestEngine.executeAllChildren(VintageTestEngine.java:80)\n\tat org.junit.vintage.engine.VintageTestEngine.execute(VintageTestEngine.java:72)\n\tat org.junit.platform.launcher.core.EngineExecutionOrchestrator.execute(EngineExecutionOrchestrator.java:108)\n\tat org.junit.platform.launcher.core.EngineExecutionOrchestrator.execute(EngineExecutionOrchestrator.java:88)\n\tat org.junit.platform.launcher.core.EngineExecutionOrchestrator.lambda$execute$0(EngineExecutionOrchestrator.java:54)\n\tat org.junit.platform.launcher.core.EngineExecutionOrchestrator.withInterceptedStreams(EngineExecutionOrchestrator.java:67)\n\tat org.junit.platform.launcher.core.EngineExecutionOrchestrator.execute(EngineExecutionOrchestrator.java:52)\n\tat org.junit.platform.launcher.core.DefaultLauncher.execute(DefaultLauncher.java:96)\n\tat org.junit.platform.launcher.core.DefaultLauncher.execute(DefaultLauncher.java:75)\n\tat org.apache.maven.surefire.junitplatform.JUnitPlatformProvider.execute(JUnitPlatformProvider.java:188)\n\tat org.apache.maven.surefire.junitplatform.JUnitPlatformProvider.invokeAllTests(JUnitPlatformProvider.java:154)\n\tat org.apache.maven.surefire.junitplatform.JUnitPlatformProvider.invoke(JUnitPlatformProvider.java:124)\n\tat org.apache.maven.surefire.booter.ForkedBooter.runSuitesInProcess(ForkedBooter.java:428)\n\tat org.apache.maven.surefire.booter.ForkedBooter.execute(ForkedBooter.java:162)\n\tat org.apache.maven.surefire.booter.ForkedBooter.run(ForkedBooter.java:562)\n\tat org.apache.maven.surefire.booter.ForkedBooter.main(ForkedBooter.java:548)\n"},"stage":"finished","steps":[],"attachments":[{"name":"Screenshot","source":"35137ada-02b4-42f6-bed4-59f4c5a5c7c5-attachment.png","type":"image/png"},{"name":"Page source","source":"958e5a3a-d306-4d2d-98d8-73e62cb0e289-attachment.html","type":"text/html"}],"parameters":[],"start":1635163223479,"stop":1635163223641}],"attachments":[],"parameters":[],"start":1635163220954,"stop":1635163223717,"uuid":"12a81dd2-2b31-4950-ac3d-9d46783023bb","historyId":"910749c92f23497e7325dbc4d9700986","fullName":"com.xceptance.neodymium.util.SelenideAddonsTest","labels":[{"name":"host","value":"olha"},{"name":"thread","value":"9761@olha.main(1)"},{"name":"framework","value":"junit-platform"},{"name":"language","value":"java"},{"name":"package","value":"com.xceptance.neodymium.util.SelenideAddonsTest"},{"name":"testClass","value":"com.xceptance.neodymium.util.SelenideAddonsTest"},{"name":"suite","value":"com.xceptance.neodymium.util.SelenideAddonsTest"}],"links":[]}