{"name":"testCucumberContextGetsCleared","status":"failed","statusDetails":{"known":false,"muted":false,"flaky":false,"message":"Assertion failed. Test successful expected:<true> but was:<false> Stack trace: io.cucumber.junit.UndefinedStepException: The step \"Change timeout to 4000\" is undefined. You can implement it using the snippet(s) below:\n\n@Given(\"Change timeout to {int}\")\npublic void change_timeout_to(Integer int1) {\n    // Write code here that turns the phrase above into concrete actions\n    throw new io.cucumber.java.PendingException();\n}\n\nio.cucumber.junit.UndefinedStepException: The step \"Assert timeout of 3000\" is undefined. You can implement it using the snippet(s) below:\n\n@Given(\"Assert timeout of {int}\")\npublic void assert_timeout_of(Integer int1) {\n    // Write code here that turns the phrase above into concrete actions\n    throw new io.cucumber.java.PendingException();\n}\n\n","trace":"java.lang.AssertionError: Assertion failed. Test successful expected:<true> but was:<false> Stack trace: io.cucumber.junit.UndefinedStepException: The step \"Change timeout to 4000\" is undefined. You can implement it using the snippet(s) below:\n\n@Given(\"Change timeout to {int}\")\npublic void change_timeout_to(Integer int1) {\n    // Write code here that turns the phrase above into concrete actions\n    throw new io.cucumber.java.PendingException();\n}\n\nio.cucumber.junit.UndefinedStepException: The step \"Assert timeout of 3000\" is undefined. You can implement it using the snippet(s) below:\n\n@Given(\"Assert timeout of {int}\")\npublic void assert_timeout_of(Integer int1) {\n    // Write code here that turns the phrase above into concrete actions\n    throw new io.cucumber.java.PendingException();\n}\n\n\n\tat org.junit.Assert.fail(Assert.java:89)\n\tat com.xceptance.neodymium.junit4.tests.NeodymiumTest.check(NeodymiumTest.java:105)\n\tat com.xceptance.neodymium.junit4.tests.NeodymiumTest.checkPass(NeodymiumTest.java:121)\n\tat com.xceptance.neodymium.junit4.tests.NeodymiumContextTest.testCucumberContextGetsCleared(NeodymiumContextTest.java:70)\n\tat java.base/jdk.internal.reflect.NativeMethodAccessorImpl.invoke0(Native Method)\n\tat java.base/jdk.internal.reflect.NativeMethodAccessorImpl.invoke(NativeMethodAccessorImpl.java:62)\n\tat java.base/jdk.internal.reflect.DelegatingMethodAccessorImpl.invoke(DelegatingMethodAccessorImpl.java:43)\n\tat java.base/java.lang.reflect.Method.invoke(Method.java:566)\n\tat org.junit.runners.model.FrameworkMethod$1.runReflectiveCall(FrameworkMethod.java:59)\n\tat org.junit.internal.runners.model.ReflectiveCallable.run(ReflectiveCallable.java:12)\n\tat org.junit.runners.model.FrameworkMethod.invokeExplosively(FrameworkMethod.java:56)\n\tat org.junit.internal.runners.statements.InvokeMethod.evaluate(InvokeMethod.java:17)\n\tat org.junit.runners.ParentRunner$3.evaluate(ParentRunner.java:306)\n\tat org.junit.runners.BlockJUnit4ClassRunner$1.evaluate(BlockJUnit4ClassRunner.java:100)\n\tat org.junit.runners.ParentRunner.runLeaf(ParentRunner.java:366)\n\tat org.junit.runners.BlockJUnit4ClassRunner.runChild(BlockJUnit4ClassRunner.java:103)\n\tat org.junit.runners.BlockJUnit4ClassRunner.runChild(BlockJUnit4ClassRunner.java:63)\n\tat org.junit.runners.ParentRunner$4.run(ParentRunner.java:331)\n\tat org.junit.runners.ParentRunner$1.schedule(ParentRunner.java:79)\n\tat org.junit.runners.ParentRunner.runChildren(ParentRunner.java:329)\n\tat org.junit.runners.ParentRunner.access$100(ParentRunner.java:66)\n\tat org.junit.runners.ParentRunner$2.evaluate(ParentRunner.java:293)\n\tat org.junit.internal.runners.statements.RunBefores.evaluate(RunBefores.java:26)\n\tat org.junit.internal.runners.statements.RunAfters.evaluate(RunAfters.java:27)\n\tat org.junit.runners.ParentRunner$3.evaluate(ParentRunner.java:306)\n\tat org.junit.runners.ParentRunner.run(ParentRunner.java:413)\n\tat org.junit.runner.JUnitCore.run(JUnitCore.java:137)\n\tat org.junit.runner.JUnitCore.run(JUnitCore.java:115)\n\tat org.junit.vintage.engine.execution.RunnerExecutor.execute(RunnerExecutor.java:42)\n\tat org.junit.vintage.engine.VintageTestEngine.executeAllChildren(VintageTestEngine.java:80)\n\tat org.junit.vintage.engine.VintageTestEngine.execute(VintageTestEngine.java:72)\n\tat org.junit.platform.launcher.core.EngineExecutionOrchestrator.execute(EngineExecutionOrchestrator.java:108)\n\tat org.junit.platform.launcher.core.EngineExecutionOrchestrator.execute(EngineExecutionOrchestrator.java:88)\n\tat org.junit.platform.launcher.core.EngineExecutionOrchestrator.lambda$execute$0(EngineExecutionOrchestrator.java:54)\n\tat org.junit.platform.launcher.core.EngineExecutionOrchestrator.withInterceptedStreams(EngineExecutionOrchestrator.java:67)\n\tat org.junit.platform.launcher.core.EngineExecutionOrchestrator.execute(EngineExecutionOrchestrator.java:52)\n\tat org.junit.platform.launcher.core.DefaultLauncher.execute(DefaultLauncher.java:96)\n\tat org.junit.platform.launcher.core.DefaultLauncher.execute(DefaultLauncher.java:75)\n\tat org.apache.maven.surefire.junitplatform.JUnitPlatformProvider.execute(JUnitPlatformProvider.java:188)\n\tat org.apache.maven.surefire.junitplatform.JUnitPlatformProvider.invokeAllTests(JUnitPlatformProvider.java:154)\n\tat org.apache.maven.surefire.junitplatform.JUnitPlatformProvider.invoke(JUnitPlatformProvider.java:124)\n\tat org.apache.maven.surefire.booter.ForkedBooter.runSuitesInProcess(ForkedBooter.java:428)\n\tat org.apache.maven.surefire.booter.ForkedBooter.execute(ForkedBooter.java:162)\n\tat org.apache.maven.surefire.booter.ForkedBooter.run(ForkedBooter.java:562)\n\tat org.apache.maven.surefire.booter.ForkedBooter.main(ForkedBooter.java:548)\n"},"stage":"finished","description":"","steps":[],"attachments":[],"parameters":[],"start":1635169404921,"stop":1635169405236,"uuid":"5ce028fe-b05e-4a38-aaa1-e9261f807519","historyId":"e543f27f7a7f18c2938a1dc68f16644d","fullName":"com.xceptance.neodymium.junit4.tests.NeodymiumContextTest.testCucumberContextGetsCleared","labels":[{"name":"host","value":"olha"},{"name":"thread","value":"13167@olha.main(1)"},{"name":"framework","value":"junit-platform"},{"name":"language","value":"java"},{"name":"package","value":"com.xceptance.neodymium.junit4.tests.NeodymiumContextTest"},{"name":"testClass","value":"com.xceptance.neodymium.junit4.tests.NeodymiumContextTest"},{"name":"testMethod","value":"testCucumberContextGetsCleared"},{"name":"suite","value":"com.xceptance.neodymium.junit4.tests.NeodymiumContextTest"}],"links":[]}