{"name":"testDragAndDropAssertionError :: Browser Chrome_headless","status":"passed","stage":"finished","description":"","steps":[{"name":"$(\"open\") https://demos.telerik.com/kendo-ui/slider/index","status":"passed","stage":"finished","steps":[],"attachments":[],"parameters":[],"start":1635163236143,"stop":1635163247240},{"name":"$(\"#onetrust-accept-btn-handler\") should be(visible)","status":"passed","stage":"finished","steps":[],"attachments":[],"parameters":[],"start":1635163247240,"stop":1635163247332},{"name":"$(\"#onetrust-accept-btn-handler\") click()","status":"passed","stage":"finished","steps":[],"attachments":[],"parameters":[],"start":1635163247332,"stop":1635163247447},{"name":"$(\"#onetrust-consent-sdk .onetrust-pc-dark-filter\") should be(hidden)","status":"passed","stage":"finished","steps":[],"attachments":[],"parameters":[],"start":1635163247447,"stop":1635163247466},{"name":"$(\"refresh\") ","status":"passed","stage":"finished","steps":[],"attachments":[],"parameters":[],"start":1635163247466,"stop":1635163247471},{"name":"$(\".kd-loader-wrap\") should be([hidden, 6 s.])","status":"passed","stage":"finished","steps":[],"attachments":[],"parameters":[],"start":1635163247471,"stop":1635163250941},{"name":"$(\".balSlider a[role=slider]\") should have(attribute aria-valuenow=\"-10\")","status":"passed","stage":"finished","steps":[],"attachments":[],"parameters":[],"start":1635163250942,"stop":1635163250957},{"name":"$(\".balSlider a[role=slider]\") has(attribute aria-valuenow=\"-16\")","status":"passed","stage":"finished","steps":[],"attachments":[],"parameters":[],"start":1635163250957,"stop":1635163250969},{"name":"$(\"Assertion error\") CircutBreaker: Was not able to move the element and to reach the condition. Tried: -1 times to move the element.","status":"failed","statusDetails":{"known":false,"muted":false,"flaky":false,"message":"CircutBreaker: Was not able to move the element and to reach the condition. Tried: -1 times to move the element.","trace":"java.lang.AssertionError: CircutBreaker: Was not able to move the element and to reach the condition. Tried: -1 times to move the element.\n\tat org.junit.Assert.fail(Assert.java:89)\n\tat org.junit.Assert.assertTrue(Assert.java:42)\n\tat com.xceptance.neodymium.util.SelenideAddons.lambda$dragAndDropUntilCondition$1(SelenideAddons.java:452)\n\tat com.xceptance.neodymium.util.SelenideAddons.wrapAssertionError(SelenideAddons.java:373)\n\tat com.xceptance.neodymium.util.SelenideAddons.dragAndDropUntilCondition(SelenideAddons.java:451)\n\tat com.xceptance.neodymium.util.SelenideAddonsTest.lambda$testDragAndDropAssertionError$18(SelenideAddonsTest.java:564)\n\tat org.junit.Assert.assertThrows(Assert.java:1001)\n\tat org.junit.Assert.assertThrows(Assert.java:981)\n\tat com.xceptance.neodymium.util.SelenideAddonsTest.testDragAndDropAssertionError(SelenideAddonsTest.java:563)\n\tat java.base/jdk.internal.reflect.NativeMethodAccessorImpl.invoke0(Native Method)\n\tat java.base/jdk.internal.reflect.NativeMethodAccessorImpl.invoke(NativeMethodAccessorImpl.java:62)\n\tat java.base/jdk.internal.reflect.DelegatingMethodAccessorImpl.invoke(DelegatingMethodAccessorImpl.java:43)\n\tat java.base/java.lang.reflect.Method.invoke(Method.java:566)\n\tat org.junit.runners.model.FrameworkMethod$1.runReflectiveCall(FrameworkMethod.java:59)\n\tat org.junit.internal.runners.model.ReflectiveCallable.run(ReflectiveCallable.java:12)\n\tat org.junit.runners.model.FrameworkMethod.invokeExplosively(FrameworkMethod.java:56)\n\tat org.junit.internal.runners.statements.InvokeMethod.evaluate(InvokeMethod.java:17)\n\tat org.junit.runners.ParentRunner$3.evaluate(ParentRunner.java:306)\n\tat com.xceptance.neodymium.junit4.statement.browser.BrowserStatement.evaluate(BrowserStatement.java:111)\n\tat org.junit.runners.BlockJUnit4ClassRunner$1.evaluate(BlockJUnit4ClassRunner.java:100)\n\tat org.junit.runners.ParentRunner.runLeaf(ParentRunner.java:366)\n\tat org.junit.runners.BlockJUnit4ClassRunner.runChild(BlockJUnit4ClassRunner.java:103)\n\tat com.xceptance.neodymium.junit4.NeodymiumRunner.runChild(NeodymiumRunner.java:357)\n\tat com.xceptance.neodymium.junit4.NeodymiumRunner.runChild(NeodymiumRunner.java:76)\n\tat org.junit.runners.ParentRunner$4.run(ParentRunner.java:331)\n\tat org.junit.runners.ParentRunner$1.schedule(ParentRunner.java:79)\n\tat org.junit.runners.ParentRunner.runChildren(ParentRunner.java:329)\n\tat org.junit.runners.ParentRunner.access$100(ParentRunner.java:66)\n\tat org.junit.runners.ParentRunner$2.evaluate(ParentRunner.java:293)\n\tat org.junit.runners.ParentRunner$3.evaluate(ParentRunner.java:306)\n\tat org.junit.runners.ParentRunner.run(ParentRunner.java:413)\n\tat org.junit.runner.JUnitCore.run(JUnitCore.java:137)\n\tat org.junit.runner.JUnitCore.run(JUnitCore.java:115)\n\tat org.junit.vintage.engine.execution.RunnerExecutor.execute(RunnerExecutor.java:42)\n\tat org.junit.vintage.engine.VintageTestEngine.executeAllChildren(VintageTestEngine.java:80)\n\tat org.junit.vintage.engine.VintageTestEngine.execute(VintageTestEngine.java:72)\n\tat org.junit.platform.launcher.core.EngineExecutionOrchestrator.execute(EngineExecutionOrchestrator.java:108)\n\tat org.junit.platform.launcher.core.EngineExecutionOrchestrator.execute(EngineExecutionOrchestrator.java:88)\n\tat org.junit.platform.launcher.core.EngineExecutionOrchestrator.lambda$execute$0(EngineExecutionOrchestrator.java:54)\n\tat org.junit.platform.launcher.core.EngineExecutionOrchestrator.withInterceptedStreams(EngineExecutionOrchestrator.java:67)\n\tat org.junit.platform.launcher.core.EngineExecutionOrchestrator.execute(EngineExecutionOrchestrator.java:52)\n\tat org.junit.platform.launcher.core.DefaultLauncher.execute(DefaultLauncher.java:96)\n\tat org.junit.platform.launcher.core.DefaultLauncher.execute(DefaultLauncher.java:75)\n\tat org.apache.maven.surefire.junitplatform.JUnitPlatformProvider.execute(JUnitPlatformProvider.java:188)\n\tat org.apache.maven.surefire.junitplatform.JUnitPlatformProvider.invokeAllTests(JUnitPlatformProvider.java:154)\n\tat org.apache.maven.surefire.junitplatform.JUnitPlatformProvider.invoke(JUnitPlatformProvider.java:124)\n\tat org.apache.maven.surefire.booter.ForkedBooter.runSuitesInProcess(ForkedBooter.java:428)\n\tat org.apache.maven.surefire.booter.ForkedBooter.execute(ForkedBooter.java:162)\n\tat org.apache.maven.surefire.booter.ForkedBooter.run(ForkedBooter.java:562)\n\tat org.apache.maven.surefire.booter.ForkedBooter.main(ForkedBooter.java:548)\n"},"stage":"finished","steps":[],"attachments":[{"name":"Screenshot","source":"f00fb507-c84e-4cd5-8d0c-fcb40527c313-attachment.png","type":"image/png"},{"name":"Page source","source":"b2c938e8-c9d2-4599-bbb8-f88787a96774-attachment.html","type":"text/html"}],"parameters":[],"start":1635163250970,"stop":1635163251061}],"attachments":[],"parameters":[],"start":1635163235899,"stop":1635163251223,"uuid":"64002fbd-4ee9-43d0-9c3e-fe5f287225e0","historyId":"9ce0e6c0aebc03d45a8746e3cd008d17","fullName":"com.xceptance.neodymium.util.SelenideAddonsTest","labels":[{"name":"host","value":"olha"},{"name":"thread","value":"9761@olha.main(1)"},{"name":"framework","value":"junit-platform"},{"name":"language","value":"java"},{"name":"package","value":"com.xceptance.neodymium.util.SelenideAddonsTest"},{"name":"testClass","value":"com.xceptance.neodymium.util.SelenideAddonsTest"},{"name":"suite","value":"com.xceptance.neodymium.util.SelenideAddonsTest"}],"links":[]}